<?xml version="1.0" encoding="UTF-8"?>
<testng-results skipped="0" failed="0" ignored="0" total="1" passed="1">
  <reporter-output>
  </reporter-output>
  <suite name="Default suite" duration-ms="36927" started-at="2020-11-01T08:07:03 IST" finished-at="2020-11-01T08:07:40 IST">
    <groups>
    </groups>
    <test name="Default test" duration-ms="36927" started-at="2020-11-01T08:07:03 IST" finished-at="2020-11-01T08:07:40 IST">
      <class name="ePDS.SingleCards.EPDSLogin">
        <test-method status="PASS" signature="browser()[pri:0, instance:ePDS.SingleCards.EPDSLogin@59e5ddf]" name="browser" is-config="true" duration-ms="14808" started-at="2020-11-01T08:07:03 IST" finished-at="2020-11-01T08:07:18 IST">
          <reporter-output>
          </reporter-output>
        </test-method> <!-- browser -->
        <test-method status="PASS" signature="loginUser()[pri:0, instance:ePDS.SingleCards.EPDSLogin@59e5ddf]" name="loginUser" duration-ms="22086" started-at="2020-11-01T08:07:18 IST" finished-at="2020-11-01T08:07:40 IST">
          <reporter-output>
          </reporter-output>
        </test-method> <!-- loginUser -->
      </class> <!-- ePDS.SingleCards.EPDSLogin -->
    </test> <!-- Default test -->
  </suite> <!-- Default suite -->
</testng-results>
